2019-09-02 11:57:43,873 Requests DEBUG 发送post请求 
2019-09-02 13:53:14,529 Requests DEBUG 发送post请求 
2019-09-02 13:53:39,611 Requests DEBUG 发送post请求 
2019-09-02 13:53:40,033 Requests DEBUG 发送get请求 
2019-09-02 13:57:21,801 Requests DEBUG 发送post请求 
2019-09-02 13:57:22,083 Requests DEBUG 发送get请求 
2019-09-02 13:58:07,716 Requests DEBUG 发送post请求 
2019-09-02 13:58:08,286 Requests DEBUG 发送get请求http://211.103.136.242:8064/user/ 
2019-09-02 14:08:40,229 Requests DEBUG 发送post请求 
2019-09-02 14:08:40,666 Requests DEBUG 发送get请求http://211.103.136.242:8064/user/ 
2019-09-02 14:08:40,666 Requests DEBUG 发送get请求http://211.103.136.242:8064/user/ 
2019-09-02 14:09:20,314 Requests DEBUG 发送post请求 
2019-09-02 14:09:20,720 Requests DEBUG 发送get请求http://211.103.136.242:8064/user/ 
2019-09-02 14:09:20,720 Requests DEBUG 发送get请求http://211.103.136.242:8064/user/ 
2019-09-02 14:09:44,310 Requests DEBUG 发送post请求 
2019-09-02 14:09:44,593 Requests DEBUG 发送get请求http://211.103.136.242:8064/user/ 
2019-09-02 14:11:28,571 Requests DEBUG 发送post请求 
2019-09-02 14:11:34,694 Requests DEBUG 发送post请求 
2019-09-02 14:11:35,169 Requests DEBUG 发送get请求http://211.103.136.242:8064/user/ 
2019-09-02 14:11:42,359 Requests DEBUG 发送post请求 
2019-09-02 14:11:42,958 Requests DEBUG 发送get请求http://211.103.136.242:8064/user/ 
2019-09-02 14:12:34,512 Requests DEBUG 发送post请求 
2019-09-02 14:12:34,820 Requests DEBUG 发送get请求http://211.103.136.242:8064/user/ 
2019-09-02 14:12:50,883 Requests DEBUG 发送post请求 
2019-09-02 14:12:51,364 Requests DEBUG 发送get请求 
2019-09-02 14:43:37,973 Requests DEBUG 发送post请求 
2019-09-02 14:43:38,496 Requests DEBUG 发送get请求 
2019-09-02 14:44:57,677 Requests DEBUG 发送post请求 
2019-09-02 14:44:58,239 Requests DEBUG 发送get请求 
2019-09-02 14:53:43,211 Requests DEBUG 发送get请求 
2019-09-02 14:54:26,043 Requests DEBUG 发送get请求 
2019-09-02 14:55:50,440 Requests DEBUG 发送post请求 
2019-09-02 14:55:50,986 Requests DEBUG 发送get请求 
2019-09-02 15:42:42,531 Requests DEBUG 发送post请求 
2019-09-02 15:42:42,957 Requests DEBUG 发送get请求 
2019-09-02 15:44:50,838 Requests DEBUG 发送post请求 
2019-09-02 15:44:51,595 Requests DEBUG 发送get请求 
2019-09-02 15:45:47,655 Requests DEBUG 发送post请求 
2019-09-02 15:45:48,187 Requests DEBUG 发送get请求 
2019-09-02 15:52:53,518 Requests DEBUG 发送post请求 
2019-09-02 15:52:54,066 Requests DEBUG 发送get请求 
2019-09-02 15:53:08,124 Requests DEBUG 发送post请求 
2019-09-02 15:53:08,686 Requests DEBUG 发送get请求 
2019-09-02 15:55:38,139 Requests DEBUG 发送post请求 
2019-09-02 15:55:38,584 Requests DEBUG 发送get请求 
2019-09-02 15:55:51,717 Requests DEBUG 发送post请求 
2019-09-02 15:55:52,213 Requests DEBUG 发送get请求 
2019-09-02 15:56:47,431 Requests DEBUG 发送post请求 
2019-09-02 15:56:47,802 Requests DEBUG 发送get请求 
2019-09-02 15:57:59,830 Requests DEBUG 发送post请求 
2019-09-02 15:58:00,373 Requests DEBUG 发送get请求 
2019-09-02 15:59:22,880 Requests DEBUG 发送post请求 
2019-09-02 15:59:23,396 Requests DEBUG 发送get请求 
2019-09-02 15:59:43,897 Requests DEBUG 发送post请求 
2019-09-02 15:59:44,407 Requests DEBUG 发送get请求 
2019-09-02 16:00:58,267 Requests DEBUG 发送post请求 
2019-09-02 16:00:58,819 Requests DEBUG 发送get请求 
2019-09-02 16:01:19,899 Requests DEBUG 发送post请求 
2019-09-02 16:01:20,438 Requests DEBUG 发送get请求 
2019-09-02 16:01:37,012 Requests DEBUG 发送post请求 
2019-09-02 16:01:37,363 Requests DEBUG 发送get请求 
2019-09-02 16:03:32,889 Requests DEBUG 发送post请求 
2019-09-02 16:03:33,280 Requests DEBUG 发送get请求 
2019-09-02 16:04:32,288 Requests DEBUG 发送post请求 
2019-09-02 16:04:32,979 Requests DEBUG 发送get请求 
2019-09-02 16:05:51,055 Requests DEBUG 发送post请求 
2019-09-02 16:05:51,890 Requests DEBUG 发送get请求 
2019-09-02 16:07:23,301 Requests DEBUG 发送post请求 
2019-09-02 16:07:24,030 Requests DEBUG 发送get请求 
2019-09-02 16:07:48,898 Requests DEBUG 发送post请求 
2019-09-02 16:07:49,263 Requests DEBUG 发送get请求 
2019-09-02 16:08:31,082 Requests DEBUG 发送post请求 
2019-09-02 16:08:31,504 Requests DEBUG 发送get请求 
2019-09-02 16:08:52,521 Requests DEBUG 发送post请求 
2019-09-02 16:08:53,018 Requests DEBUG 发送get请求 
2019-09-02 16:09:14,667 Requests DEBUG 发送post请求 
2019-09-02 16:09:15,010 Requests DEBUG 发送get请求 
2019-09-02 16:09:37,519 Requests DEBUG 发送post请求 
2019-09-02 16:09:38,072 Requests DEBUG 发送get请求 
2019-09-02 16:10:32,889 Requests DEBUG 发送post请求 
2019-09-02 16:10:33,523 Requests DEBUG 发送get请求 
2019-09-02 16:10:53,648 Requests DEBUG 发送post请求 
2019-09-02 16:10:54,128 Requests DEBUG 发送get请求 
2019-09-02 16:11:26,160 Requests DEBUG 发送post请求 
2019-09-02 16:11:26,548 Requests DEBUG 发送get请求 
2019-09-02 16:11:46,554 Requests DEBUG 发送post请求 
2019-09-02 16:11:47,226 Requests DEBUG 发送get请求 
2019-09-02 16:12:16,193 Requests DEBUG 发送post请求 
2019-09-02 16:12:16,719 Requests DEBUG 发送get请求 
2019-09-02 16:14:57,450 Requests DEBUG 发送post请求 
2019-09-02 16:14:57,777 Requests DEBUG 发送get请求 
2019-09-02 16:15:10,050 Requests DEBUG 发送post请求 
2019-09-02 16:15:10,681 Requests DEBUG 发送get请求 
2019-09-02 16:16:21,375 Requests DEBUG 发送post请求 
2019-09-02 16:16:22,027 Requests DEBUG 发送get请求 
2019-09-02 16:17:55,108 Requests DEBUG 发送post请求 
2019-09-02 16:17:55,652 Requests DEBUG 发送get请求 
2019-09-02 16:18:38,462 Requests DEBUG 发送post请求 
2019-09-02 16:18:38,987 Requests DEBUG 发送get请求 
2019-09-02 16:33:06,411 Requests DEBUG 发送post请求 
2019-09-02 16:33:06,733 Requests DEBUG 发送get请求 
2019-09-02 16:33:13,517 Requests DEBUG 发送post请求 
2019-09-02 16:33:14,124 Requests DEBUG 发送get请求 
2019-09-02 16:33:40,157 Requests DEBUG 发送post请求 
2019-09-02 16:33:40,733 AssertUtil ERROR code error,code is 200,expected_code is 201 
2019-09-02 16:33:40,804 Requests DEBUG 发送get请求 
2019-09-02 16:34:29,767 Requests DEBUG 发送post请求 
2019-09-02 16:34:30,166 AssertUtil ERROR 不包含或者body是错误，body is "{\"user_id\": 1, \"username\": \"python\", \"token\": \"eyJ0eXAiOiJKV1QiLCJhbGciOiJIUzI1NiJ9.eyJ1c2VyX2lkIjoxLCJ1c2VybmFtZSI6InB5dGhvbiIsImVtYWlsIjoiOTUyNjczNjM4QHFxLmNvbSIsImV4cCI6MTU2NzQ5OTU4OX0.WDvKAyN4PY51Id3VR_iMnVcrMvqtD_98mVtAdNhGzpw\"}",expected_body is "user_id": 1, "username": "python" 
2019-09-02 16:34:30,220 Requests DEBUG 发送get请求 
2019-09-02 16:35:45,838 Requests DEBUG 发送post请求 
2019-09-02 16:35:46,471 AssertUtil ERROR 不包含或者body是错误，body is "{\"user_id\": 1, \"username\": \"python\", \"token\": \"eyJ0eXAiOiJKV1QiLCJhbGciOiJIUzI1NiJ9.eyJ1c2VyX2lkIjoxLCJ1c2VybmFtZSI6InB5dGhvbiIsImVtYWlsIjoiOTUyNjczNjM4QHFxLmNvbSIsImV4cCI6MTU2NzQ5OTY2NX0.ODHK38zHfVVQHjprj8rPeprHGvVpONi3y-QFzqH2ccA\"}",expected_body is "user_id": 1, "username": "python" 
2019-09-02 16:35:46,525 Requests DEBUG 发送get请求 
2019-09-02 16:36:29,891 Requests DEBUG 发送post请求 
2019-09-02 16:36:30,469 AssertUtil ERROR 不包含或者body是错误，body is "{\"user_id\": 1, \"username\": \"python\", \"token\": \"eyJ0eXAiOiJKV1QiLCJhbGciOiJIUzI1NiJ9.eyJ1c2VyX2lkIjoxLCJ1c2VybmFtZSI6InB5dGhvbiIsImVtYWlsIjoiOTUyNjczNjM4QHFxLmNvbSIsImV4cCI6MTU2NzQ5OTcwOX0.WeWgfs83iOlut5DFKVKAZxknut_RIGdNrDWLxlfni7Y\"}",expected_body is "user_id": 1, "username": "python" 
2019-09-02 16:36:30,546 Requests DEBUG 发送get请求 
2019-09-02 16:37:24,068 Requests DEBUG 发送post请求 
2019-09-02 16:37:24,610 Requests DEBUG 发送get请求 
2019-09-02 16:38:07,015 Requests DEBUG 发送post请求 
2019-09-02 16:38:07,469 AssertUtil ERROR code error,code is 200,expected_code is 201 
2019-09-02 16:38:07,539 Requests DEBUG 发送get请求 
2019-09-02 16:40:00,334 Requests DEBUG 发送post请求 
2019-09-02 16:40:00,960 Requests DEBUG 发送get请求 
2019-09-02 20:41:11,861 Requests DEBUG 发送post请求 
2019-09-02 20:41:12,600 Requests DEBUG 发送get请求 
2019-09-02 20:42:44,872 Requests DEBUG 发送post请求 
2019-09-02 20:42:45,456 Requests DEBUG 发送get请求 
2019-09-02 20:45:12,227 Requests DEBUG 发送post请求 
2019-09-02 20:45:12,715 Requests DEBUG 发送get请求 
2019-09-02 20:45:30,018 Requests DEBUG 发送post请求 
2019-09-02 20:45:30,523 Requests DEBUG 发送get请求 
2019-09-02 20:46:37,081 Requests DEBUG 发送post请求 
2019-09-02 20:46:37,682 Requests DEBUG 发送get请求 
2019-09-02 20:47:47,066 Requests DEBUG 发送post请求 
2019-09-02 20:47:47,645 Requests DEBUG 发送get请求 
2019-09-02 20:48:57,307 Requests DEBUG 发送post请求 
2019-09-02 20:48:57,885 Requests DEBUG 发送get请求 
2019-09-02 20:49:14,309 Requests DEBUG 发送post请求 
2019-09-02 20:49:14,865 Requests DEBUG 发送get请求 
